[debug] [2025-05-17T14:55:36.971Z] ----------------------------------------------------------------------
[debug] [2025-05-17T14:55:36.977Z] Command:       /opt/homebrew/Cellar/node/22.5.1/bin/node /opt/homebrew/bin/firebase init
[debug] [2025-05-17T14:55:36.977Z] CLI Version:   13.31.2
[debug] [2025-05-17T14:55:36.977Z] Platform:      darwin
[debug] [2025-05-17T14:55:36.977Z] Node Version:  v22.5.1
[debug] [2025-05-17T14:55:36.978Z] Time:          Sat May 17 2025 10:55:36 GMT-0400 (Eastern Daylight Time)
[debug] [2025-05-17T14:55:36.978Z] ----------------------------------------------------------------------
[debug] 
[debug] [2025-05-17T14:55:36.979Z] >>> [apiv2][query] GET https://firebase-public.firebaseio.com/cli.json [none]
[debug] [2025-05-17T14:55:37.080Z] Object "" in "firebase.json" has unknown property: {"additionalProperty":"rewrites"}
[debug] [2025-05-17T14:55:37.083Z] > command requires scopes: ["email","openid","https://www.googleapis.com/auth/cloudplatformprojects.readonly","https://www.googleapis.com/auth/firebase","https://www.googleapis.com/auth/cloud-platform"]
[debug] [2025-05-17T14:55:37.083Z] > authorizing via signed-in user (felixjstuart@gmail.com)
[debug] [2025-05-17T14:55:37.083Z] Object "" in "firebase.json" has unknown property: {"additionalProperty":"rewrites"}
[info] 
     ######## #### ########  ######## ########     ###     ######  ########
     ##        ##  ##     ## ##       ##     ##  ##   ##  ##       ##
     ######    ##  ########  ######   ########  #########  ######  ######
     ##        ##  ##    ##  ##       ##     ## ##     ##       ## ##
     ##       #### ##     ## ######## ########  ##     ##  ######  ########

You're about to initialize a Firebase project in this directory:

  /Users/felixstuart/Documents/School/Clubs/Programming Club/gotchawebsite2025

Before we get started, keep in mind:

  * You are initializing within an existing Firebase project directory

[debug] [2025-05-17T14:55:37.237Z] <<< [apiv2][status] GET https://firebase-public.firebaseio.com/cli.json 200
[debug] [2025-05-17T14:55:37.237Z] <<< [apiv2][body] GET https://firebase-public.firebaseio.com/cli.json {"cloudBuildErrorAfter":1594252800000,"cloudBuildWarnAfter":1590019200000,"defaultNode10After":1594252800000,"minVersion":"3.0.5","node8DeploysDisabledAfter":1613390400000,"node8RuntimeDisabledAfter":1615809600000,"node8WarnAfter":1600128000000}
[info] 
=== Project Setup
[info] 
[info] First, let's associate this project directory with a Firebase project.
[info] You can create multiple project aliases by running firebase use --add, 
[info] but for now we'll just set up a default project.
[info] 
[debug] [2025-05-17T14:55:55.111Z] Using project from CLI flag: gotcha-b4b13
[debug] [2025-05-17T14:55:55.115Z] Checked if tokens are valid: false, expires at: 1741704495194
[debug] [2025-05-17T14:55:55.115Z] Checked if tokens are valid: false, expires at: 1741704495194
[debug] [2025-05-17T14:55:55.116Z] > refreshing access token with scopes: []
[debug] [2025-05-17T14:55:55.118Z] >>> [apiv2][query] POST https://www.googleapis.com/oauth2/v3/token [none]
[debug] [2025-05-17T14:55:55.118Z] >>> [apiv2][body] POST https://www.googleapis.com/oauth2/v3/token [omitted]
[debug] [2025-05-17T14:55:55.306Z] <<< [apiv2][status] POST https://www.googleapis.com/oauth2/v3/token 200
[debug] [2025-05-17T14:55:55.306Z] <<< [apiv2][body] POST https://www.googleapis.com/oauth2/v3/token [omitted]
[debug] [2025-05-17T14:55:55.343Z] >>> [apiv2][query] GET https://firebase.googleapis.com/v1beta1/projects/gotcha-b4b13 [none]
[debug] [2025-05-17T14:55:55.670Z] <<< [apiv2][status] GET https://firebase.googleapis.com/v1beta1/projects/gotcha-b4b13 403
[debug] [2025-05-17T14:55:55.670Z] <<< [apiv2][body] GET https://firebase.googleapis.com/v1beta1/projects/gotcha-b4b13 {"error":{"code":403,"message":"The caller does not have permission","status":"PERMISSION_DENIED"}}
[debug] [2025-05-17T14:55:55.674Z] Request to https://firebase.googleapis.com/v1beta1/projects/gotcha-b4b13 had HTTP Error: 403, The caller does not have permission
[debug] [2025-05-17T14:55:55.773Z] FirebaseError: Request to https://firebase.googleapis.com/v1beta1/projects/gotcha-b4b13 had HTTP Error: 403, The caller does not have permission
    at responseToError (/opt/homebrew/lib/node_modules/firebase-tools/lib/responseToError.js:52:12)
    at RetryOperation._fn (/opt/homebrew/lib/node_modules/firebase-tools/lib/apiv2.js:312:77)
    at process.processTicksAndRejections (node:internal/process/task_queues:95:5)
[error] 
[error] Error: Failed to get Firebase project gotcha-b4b13. Please make sure the project exists and your account has permission to access it.
